<?xml version="1.0" encoding="UTF-8"?>
<!-- Generated by org.testng.reporters.JUnitXMLReporter -->
<testsuite hostname="DESKTOP-1191HLU" ignored="0" name="Test" tests="3" failures="0" timestamp="15 Oct 2019 02:39:20 GMT" time="0.056" errors="0">
  <testcase name="some2Test" time="0.014" classname="com.khanal.JenkinsProject.JenkinTest"/>
  <testcase name="some3Test" time="0.002" classname="com.khanal.JenkinsProject.JenkinTest"/>
  <testcase name="someTest" time="0.002" classname="com.khanal.JenkinsProject.JenkinTest"/>
</testsuite> <!-- Test -->
