<?xml version="1.0" encoding="UTF-8"?>
<testng-results skipped="0" failed="0" ignored="0" total="5" passed="5">
  <reporter-output>
  </reporter-output>
  <suite name="Default suite" duration-ms="7437" started-at="2019-10-21T21:47:15Z" finished-at="2019-10-21T21:47:23Z">
    <groups>
    </groups>
    <test name="Default test" duration-ms="7437" started-at="2019-10-21T21:47:15Z" finished-at="2019-10-21T21:47:23Z">
      <class name="com.khanal.JenkinsProject.JenkinTest">
        <test-method status="PASS" signature="some2Test()[pri:0, instance:com.khanal.JenkinsProject.JenkinTest@475530b9]" name="some2Test" duration-ms="40" started-at="2019-10-21T21:47:15Z" finished-at="2019-10-21T21:47:16Z">
          <reporter-output>
          </reporter-output>
        </test-method> <!-- some2Test -->
        <test-method status="PASS" signature="some3Test()[pri:0, instance:com.khanal.JenkinsProject.JenkinTest@475530b9]" name="some3Test" duration-ms="16" started-at="2019-10-21T21:47:16Z" finished-at="2019-10-21T21:47:16Z">
          <reporter-output>
          </reporter-output>
        </test-method> <!-- some3Test -->
        <test-method status="PASS" signature="some4Test()[pri:0, instance:com.khanal.JenkinsProject.JenkinTest@475530b9]" name="some4Test" duration-ms="2" started-at="2019-10-21T21:47:16Z" finished-at="2019-10-21T21:47:16Z">
          <reporter-output>
          </reporter-output>
        </test-method> <!-- some4Test -->
        <test-method status="PASS" signature="some5Test()[pri:0, instance:com.khanal.JenkinsProject.JenkinTest@475530b9]" name="some5Test" duration-ms="2" started-at="2019-10-21T21:47:16Z" finished-at="2019-10-21T21:47:16Z">
          <reporter-output>
          </reporter-output>
        </test-method> <!-- some5Test -->
        <test-method status="PASS" signature="someTest()[pri:0, instance:com.khanal.JenkinsProject.JenkinTest@475530b9]" name="someTest" duration-ms="7315" started-at="2019-10-21T21:47:16Z" finished-at="2019-10-21T21:47:23Z">
          <reporter-output>
          </reporter-output>
        </test-method> <!-- someTest -->
      </class> <!-- com.khanal.JenkinsProject.JenkinTest -->
    </test> <!-- Default test -->
  </suite> <!-- Default suite -->
</testng-results>
