<?xml version="1.0" encoding="UTF-8"?>
<testng-results skipped="0" failed="0" ignored="0" total="3" passed="3">
  <reporter-output>
  </reporter-output>
  <suite name="Suite" duration-ms="56" started-at="2019-10-15T02:39:20Z" finished-at="2019-10-15T02:39:20Z">
    <groups>
    </groups>
    <test name="Test" duration-ms="56" started-at="2019-10-15T02:39:20Z" finished-at="2019-10-15T02:39:20Z">
      <class name="com.khanal.JenkinsProject.JenkinTest">
        <test-method status="PASS" signature="some2Test()[pri:0, instance:com.khanal.JenkinsProject.JenkinTest@55a1c291]" name="some2Test" duration-ms="14" started-at="2019-10-15T02:39:20Z" finished-at="2019-10-15T02:39:20Z">
          <reporter-output>
          </reporter-output>
        </test-method> <!-- some2Test -->
        <test-method status="PASS" signature="some3Test()[pri:0, instance:com.khanal.JenkinsProject.JenkinTest@55a1c291]" name="some3Test" duration-ms="2" started-at="2019-10-15T02:39:20Z" finished-at="2019-10-15T02:39:20Z">
          <reporter-output>
          </reporter-output>
        </test-method> <!-- some3Test -->
        <test-method status="PASS" signature="someTest()[pri:0, instance:com.khanal.JenkinsProject.JenkinTest@55a1c291]" name="someTest" duration-ms="2" started-at="2019-10-15T02:39:20Z" finished-at="2019-10-15T02:39:20Z">
          <reporter-output>
          </reporter-output>
        </test-method> <!-- someTest -->
      </class> <!-- com.khanal.JenkinsProject.JenkinTest -->
    </test> <!-- Test -->
  </suite> <!-- Suite -->
</testng-results>
