<?xml version="1.0" encoding="UTF-8"?>
<!-- Generated by org.testng.reporters.JUnitXMLReporter -->
<testsuite hostname="DESKTOP-1191HLU" ignored="0" name="Default test" tests="5" failures="0" timestamp="21 Oct 2019 21:47:23 GMT" time="7.437" errors="0">
  <testcase name="some2Test" time="0.04" classname="com.khanal.JenkinsProject.JenkinTest"/>
  <testcase name="some3Test" time="0.016" classname="com.khanal.JenkinsProject.JenkinTest"/>
  <testcase name="some4Test" time="0.002" classname="com.khanal.JenkinsProject.JenkinTest"/>
  <testcase name="some5Test" time="0.002" classname="com.khanal.JenkinsProject.JenkinTest"/>
  <testcase name="someTest" time="7.315" classname="com.khanal.JenkinsProject.JenkinTest"/>
</testsuite> <!-- Default test -->
