<?xml version="1.0" encoding="UTF-8"?>
<!-- Generated by org.testng.reporters.JUnitXMLReporter -->
<testsuite hostname="DESKTOP-1191HLU" ignored="0" name="Default test" tests="3" failures="0" timestamp="15 Oct 2019 02:19:27 GMT" time="0.056" errors="0">
  <testcase name="some2Test" time="0.016" classname="com.khanal.JenkinsProject.JenkinTest"/>
  <testcase name="some3Test" time="0.002" classname="com.khanal.JenkinsProject.JenkinTest"/>
  <testcase name="someTest" time="0.001" classname="com.khanal.JenkinsProject.JenkinTest"/>
</testsuite> <!-- Default test -->
